<?xml version="1.0" encoding="UTF-8"?>
<testsuite name="edu.jsu.mcis.ParserTest" tests="2" skipped="0" failures="0" errors="0" timestamp="2016-02-08T18:11:16" hostname="Owner-PC" time="0.003">
  <properties/>
  <testcase name="testIfValueIsParsedCorrectly" classname="edu.jsu.mcis.ParserTest" time="0.002"/>
  <testcase name="testIfArgumentNameIsParsed" classname="edu.jsu.mcis.ParserTest" time="0.0"/>
  <system-out><![CDATA[]]></system-out>
  <system-err><![CDATA[]]></system-err>
</testsuite>
