<?xml version="1.0" encoding="UTF-8"?>
<testsuite name="edu.jsu.mcis.XMLTest" tests="4" skipped="0" failures="0" errors="0" timestamp="2016-04-11T16:16:28" hostname="Owner-PC" time="0.094">
  <properties/>
  <testcase name="testWithFileNotFound" classname="edu.jsu.mcis.XMLTest" time="0.0"/>
  <testcase name="testThatFileLoads" classname="edu.jsu.mcis.XMLTest" time="0.078"/>
  <testcase name="testFileNoXMLExtension" classname="edu.jsu.mcis.XMLTest" time="0.0"/>
  <testcase name="testThatFileIsStoredInParser" classname="edu.jsu.mcis.XMLTest" time="0.0"/>
  <system-out><![CDATA[]]></system-out>
  <system-err><![CDATA[]]></system-err>
</testsuite>
