<?xml version="1.0" encoding="UTF-8"?>
<testsuite name="edu.jsu.mcis.ArgumentTest" tests="3" skipped="0" failures="0" errors="0" timestamp="2016-02-25T14:49:39" hostname="Owner-PC" time="0.003">
  <properties/>
  <testcase name="testThatValueIsAdded" classname="edu.jsu.mcis.ArgumentTest" time="0.002"/>
  <testcase name="testThatValueTypeIsCreated" classname="edu.jsu.mcis.ArgumentTest" time="0.0"/>
  <testcase name="testThatNameIsCreated" classname="edu.jsu.mcis.ArgumentTest" time="0.0"/>
  <system-out><![CDATA[]]></system-out>
  <system-err><![CDATA[]]></system-err>
</testsuite>
