<?xml version="1.0" encoding="UTF-8"?>
<testsuite name="edu.jsu.mcis.XMLTest" tests="5" skipped="0" failures="0" errors="0" timestamp="2016-04-15T15:28:59" hostname="Owner-PC" time="0.047">
  <properties/>
  <testcase name="testThatFileIsSaved" classname="edu.jsu.mcis.XMLTest" time="0.0"/>
  <testcase name="testWithFileNotFound" classname="edu.jsu.mcis.XMLTest" time="0.016"/>
  <testcase name="testThatFileLoads" classname="edu.jsu.mcis.XMLTest" time="0.031"/>
  <testcase name="testFileNoXMLExtension" classname="edu.jsu.mcis.XMLTest" time="0.0"/>
  <testcase name="testThatFileIsStoredInParser" classname="edu.jsu.mcis.XMLTest" time="0.0"/>
  <system-out><![CDATA[]]></system-out>
  <system-err><![CDATA[]]></system-err>
</testsuite>
