<?xml version="1.0" encoding="UTF-8"?>
<testsuite name="edu.jsu.mcis.ParserTest" tests="18" skipped="0" failures="0" errors="0" timestamp="2016-03-31T23:36:22" hostname="Owner-PC" time="0.032">
  <properties/>
  <testcase name="testForTooManyArgumentsException" classname="edu.jsu.mcis.ParserTest" time="0.003"/>
  <testcase name="testIfMultipleValuesAreParsed" classname="edu.jsu.mcis.ParserTest" time="0.001"/>
  <testcase name="testForTooFewArgumentsException" classname="edu.jsu.mcis.ParserTest" time="0.001"/>
  <testcase name="testThatHelpExceptionIsThrown" classname="edu.jsu.mcis.ParserTest" time="0.002"/>
  <testcase name="testThatNewInstanceHasNoArgumentValue" classname="edu.jsu.mcis.ParserTest" time="0.001"/>
  <testcase name="testIfMultipleArgumentsAreParsed" classname="edu.jsu.mcis.ParserTest" time="0.0"/>
  <testcase name="testForWrongTypeExceptionWithInt" classname="edu.jsu.mcis.ParserTest" time="0.002"/>
  <testcase name="testIfRightTypeIsParsed" classname="edu.jsu.mcis.ParserTest" time="0.001"/>
  <testcase name="acceptanceTestFive" classname="edu.jsu.mcis.ParserTest" time="0.001"/>
  <testcase name="testForWrongTypeExceptionWithFloatOptional" classname="edu.jsu.mcis.ParserTest" time="0.002"/>
  <testcase name="testForWrongTypeExceptionWithBoolean" classname="edu.jsu.mcis.ParserTest" time="0.0"/>
  <testcase name="testIfValueIsParsedCorrectly" classname="edu.jsu.mcis.ParserTest" time="0.0"/>
  <testcase name="testThatUserArgumentIsAdded" classname="edu.jsu.mcis.ParserTest" time="0.0"/>
  <testcase name="acceptanceTestOne" classname="edu.jsu.mcis.ParserTest" time="0.0"/>
  <testcase name="acceptanceTestSix" classname="edu.jsu.mcis.ParserTest" time="0.001"/>
  <testcase name="testIfArgumentNameIsParsed" classname="edu.jsu.mcis.ParserTest" time="0.001"/>
  <testcase name="testForWrongTypeExceptionWithFloat" classname="edu.jsu.mcis.ParserTest" time="0.001"/>
  <testcase name="testThatOptionalArgumentDoesNotExistExceptionIsThrown" classname="edu.jsu.mcis.ParserTest" time="0.0"/>
  <system-out><![CDATA[]]></system-out>
  <system-err><![CDATA[]]></system-err>
</testsuite>
