<?xml version="1.0" encoding="UTF-8"?>
<testsuite name="edu.jsu.mcis.ArgumentTest" tests="7" skipped="0" failures="0" errors="0" timestamp="2016-04-11T16:16:28" hostname="Owner-PC" time="0.015">
  <properties/>
  <testcase name="testThatValueIsAdded" classname="edu.jsu.mcis.ArgumentTest" time="0.0"/>
  <testcase name="testThatShortFormIsSet" classname="edu.jsu.mcis.ArgumentTest" time="0.0"/>
  <testcase name="testThatNameIsCreated" classname="edu.jsu.mcis.ArgumentTest" time="0.0"/>
  <testcase name="testThatDescriptionIsSet" classname="edu.jsu.mcis.ArgumentTest" time="0.0"/>
  <testcase name="testThatdataTypeIsCreated" classname="edu.jsu.mcis.ArgumentTest" time="0.0"/>
  <testcase name="testThatRestrictedValuesAreAdded" classname="edu.jsu.mcis.ArgumentTest" time="0.015"/>
  <testcase name="TestThatDataTypeIsSet" classname="edu.jsu.mcis.ArgumentTest" time="0.0"/>
  <system-out><![CDATA[]]></system-out>
  <system-err><![CDATA[]]></system-err>
</testsuite>
