<?xml version="1.0" encoding="UTF-8"?>
<testsuite name="edu.jsu.mcis.ParserTest" tests="13" skipped="0" failures="0" errors="0" timestamp="2016-02-25T14:49:39" hostname="Owner-PC" time="0.006">
  <properties/>
  <testcase name="testForTooManyArgumentsException" classname="edu.jsu.mcis.ParserTest" time="0.001"/>
  <testcase name="testIfMultipleValuesAreParsed" classname="edu.jsu.mcis.ParserTest" time="0.0"/>
  <testcase name="testForTooFewArgumentsException" classname="edu.jsu.mcis.ParserTest" time="0.001"/>
  <testcase name="testThatHelpExceptionIsThrown" classname="edu.jsu.mcis.ParserTest" time="0.0"/>
  <testcase name="testThatNewInstanceHasNoArgumentValue" classname="edu.jsu.mcis.ParserTest" time="0.0"/>
  <testcase name="testIfMultipleArgumentsAreParsed" classname="edu.jsu.mcis.ParserTest" time="0.0"/>
  <testcase name="testForWrongTypeExceptionWithInt" classname="edu.jsu.mcis.ParserTest" time="0.0"/>
  <testcase name="testIfRightTypeIsParsed" classname="edu.jsu.mcis.ParserTest" time="0.0"/>
  <testcase name="testForWrongTypeExceptionWithBoolean" classname="edu.jsu.mcis.ParserTest" time="0.0"/>
  <testcase name="testIfValueIsParsedCorrectly" classname="edu.jsu.mcis.ParserTest" time="0.0"/>
  <testcase name="testIfArgumentNameIsParsed" classname="edu.jsu.mcis.ParserTest" time="0.0"/>
  <testcase name="testForWrongTypeExceptionWithFloat" classname="edu.jsu.mcis.ParserTest" time="0.0"/>
  <testcase name="testForTooFewArgumentsException1" classname="edu.jsu.mcis.ParserTest" time="0.0"/>
  <system-out><![CDATA[]]></system-out>
  <system-err><![CDATA[]]></system-err>
</testsuite>
